

> @meshsdk/provider@1.6.14 build:mesh
> tsup src/index.ts --format esm,cjs --dts

[1G[0K[34mCLI[39m Building entry: src/index.ts
[34mCLI[39m Using tsconfig: tsconfig.json
[34mCLI[39m tsup v8.2.4
[34mCLI[39m Target: esnext
[34mESM[39m Build start
[34mCJS[39m Build start

[43m[30m WARN [39m[49m [33m▲ [43;33m[[43;30mWARNING[43;33m][0m [1mThe condition "types" here will never be used as it comes after both "import" and "require"[0m [package.json]               [90m6:57:04 PM[39m

    package.json:13:6:
[37m      13 │       [32m"types"[37m: "./dist/index.d.ts"
         ╵       [32m~~~~~~~[0m

  The "import" condition comes earlier and will be used for all "import" statements:

    package.json:11:6:
[37m      11 │       [32m"import"[37m: "./dist/index.js",
         ╵       [32m~~~~~~~~[0m

  The "require" condition comes earlier and will be used for all "require" calls:

    package.json:12:6:
[37m      12 │       [32m"require"[37m: "./dist/index.cjs",
         ╵       [32m~~~~~~~~~[0m




[43m[30m WARN [39m[49m [33m▲ [43;33m[[43;30mWARNING[43;33m][0m [1mThe condition "types" here will never be used as it comes after both "import" and "require"[0m [package.json]               [90m6:57:04 PM[39m

    package.json:13:6:
[37m      13 │       [32m"types"[37m: "./dist/index.d.ts"
         ╵       [32m~~~~~~~[0m

  The "import" condition comes earlier and will be used for all "import" statements:

    package.json:11:6:
[37m      11 │       [32m"import"[37m: "./dist/index.js",
         ╵       [32m~~~~~~~~[0m

  The "require" condition comes earlier and will be used for all "require" calls:

    package.json:12:6:
[37m      12 │       [32m"require"[37m: "./dist/index.cjs",
         ╵       [32m~~~~~~~~~[0m



[32mESM[39m [1mdist/index.js [22m[32m51.87 KB[39m
[32mESM[39m ⚡️ Build success in 79ms
[32mCJS[39m [1mdist/index.cjs [22m[32m53.91 KB[39m
[32mCJS[39m ⚡️ Build success in 79ms
[34mDTS[39m Build start
[32mDTS[39m ⚡️ Build success in 3838ms
[32mDTS[39m [1mdist/index.d.ts  [22m[32m8.11 KB[39m
[32mDTS[39m [1mdist/index.d.cts [22m[32m8.11 KB[39m
[1G[0K⠙[1G[0K
